  Main.cpp
F:\GitHub\CNCE-CGeIHC-Proyect\Proyecto\Main.cpp(144,38): warning C4305: '=': truncation from 'double' to 'float'
F:\GitHub\CNCE-CGeIHC-Proyect\Proyecto\Main.cpp(145,38): warning C4305: '=': truncation from 'double' to 'float'
F:\GitHub\CNCE-CGeIHC-Proyect\Proyecto\Main.cpp(146,39): warning C4305: '=': truncation from 'double' to 'float'
F:\GitHub\CNCE-CGeIHC-Proyect\Proyecto\Main.cpp(159,38): warning C4305: '=': truncation from 'double' to 'float'
F:\GitHub\CNCE-CGeIHC-Proyect\Proyecto\Main.cpp(160,38): warning C4305: '=': truncation from 'double' to 'float'
F:\GitHub\CNCE-CGeIHC-Proyect\Proyecto\Main.cpp(161,39): warning C4305: '=': truncation from 'double' to 'float'
F:\GitHub\CNCE-CGeIHC-Proyect\Proyecto\Main.cpp(163,40): warning C4305: '=': truncation from 'double' to 'float'
F:\GitHub\CNCE-CGeIHC-Proyect\Proyecto\Main.cpp(165,40): warning C4305: '=': truncation from 'double' to 'float'
F:\GitHub\CNCE-CGeIHC-Proyect\Proyecto\Main.cpp(174,38): warning C4305: '=': truncation from 'double' to 'float'
F:\GitHub\CNCE-CGeIHC-Proyect\Proyecto\Main.cpp(175,38): warning C4305: '=': truncation from 'double' to 'float'
F:\GitHub\CNCE-CGeIHC-Proyect\Proyecto\Main.cpp(176,39): warning C4305: '=': truncation from 'double' to 'float'
F:\GitHub\CNCE-CGeIHC-Proyect\Proyecto\Main.cpp(178,41): warning C4305: '=': truncation from 'double' to 'float'
F:\GitHub\CNCE-CGeIHC-Proyect\Proyecto\Main.cpp(180,40): warning C4305: '=': truncation from 'double' to 'float'
F:\GitHub\CNCE-CGeIHC-Proyect\Proyecto\Main.cpp(553,24): warning C4244: 'initializing': conversion from 'double' to 'GLfloat', possible loss of data
F:\GitHub\CNCE-CGeIHC-Proyect\Proyecto\Main.cpp(1481,11): warning C4244: '=': conversion from 'double' to 'GLfloat', possible loss of data
F:\GitHub\CNCE-CGeIHC-Proyect\Proyecto\Main.cpp(1482,11): warning C4244: '=': conversion from 'double' to 'GLfloat', possible loss of data
F:\GitHub\CNCE-CGeIHC-Proyect\Proyecto\Main.cpp(1486,18): warning C4244: 'initializing': conversion from 'double' to 'GLfloat', possible loss of data
F:\GitHub\CNCE-CGeIHC-Proyect\Proyecto\Main.cpp(1487,18): warning C4244: 'initializing': conversion from 'double' to 'GLfloat', possible loss of data
F:\GitHub\CNCE-CGeIHC-Proyect\Proyecto\Main.cpp(1489,10): warning C4244: '=': conversion from 'double' to 'GLfloat', possible loss of data
F:\GitHub\CNCE-CGeIHC-Proyect\Proyecto\Main.cpp(1490,10): warning C4244: '=': conversion from 'double' to 'GLfloat', possible loss of data
soil2-debug.lib(SOIL2.obj) : warning LNK4075: ignoring '/EDITANDCONTINUE' due to '/OPT:ICF' specification
LINK : warning LNK4098: defaultlib 'MSVCRTD' conflicts with use of other libs; use /NODEFAULTLIB:library
  Generating code
  782 of 798 functions (98.0%) were compiled, the rest were copied from previous compilation.
    11 functions were new in current compilation
    2 functions had inline decision re-evaluated but remain unchanged
  Finished generating code
soil2-debug.lib(etc1_utils.obj) : warning LNK4099: PDB 'soil2-debug.pdb' was not found with 'soil2-debug.lib(etc1_utils.obj)' or at 'F:\GitHub\CNCE-CGeIHC-Proyect\Release\soil2-debug.pdb'; linking object as if no debug info
soil2-debug.lib(image_DXT.obj) : warning LNK4099: PDB 'soil2-debug.pdb' was not found with 'soil2-debug.lib(image_DXT.obj)' or at 'F:\GitHub\CNCE-CGeIHC-Proyect\Release\soil2-debug.pdb'; linking object as if no debug info
soil2-debug.lib(image_helper.obj) : warning LNK4099: PDB 'soil2-debug.pdb' was not found with 'soil2-debug.lib(image_helper.obj)' or at 'F:\GitHub\CNCE-CGeIHC-Proyect\Release\soil2-debug.pdb'; linking object as if no debug info
soil2-debug.lib(SOIL2.obj) : warning LNK4099: PDB 'soil2-debug.pdb' was not found with 'soil2-debug.lib(SOIL2.obj)' or at 'F:\GitHub\CNCE-CGeIHC-Proyect\Release\soil2-debug.pdb'; linking object as if no debug info
  Proyecto.vcxproj -> F:\GitHub\CNCE-CGeIHC-Proyect\Release\Proyecto.exe
